2025-07-16 21:49:37.405 [AWT-EventQueue-0] INFO  com.mycompany.ilib.Dashboard - Tema FlatLaf configurado correctamente
2025-07-16 21:49:37.706 [AWT-EventQueue-0] INFO  com.mycompany.ilib.Dashboard - Programa funcionando correctamente
2025-07-16 21:49:39.572 [AWT-EventQueue-0] INFO  com.mycompany.ilib.Dashboard - Usuario hizo clic en Libros
2025-07-16 21:52:26.756 [AWT-EventQueue-0] INFO  com.mycompany.ilib.Dashboard - Tema FlatLaf configurado correctamente
2025-07-16 21:52:27.027 [AWT-EventQueue-0] INFO  com.mycompany.ilib.Dashboard - Programa funcionando correctamente
2025-07-16 21:52:28.540 [AWT-EventQueue-0] INFO  com.mycompany.ilib.Dashboard - Usuario hizo clic en Libros
2025-07-16 22:19:47.793 [AWT-EventQueue-0] INFO  com.mycompany.ilib.Dashboard - Tema FlatLaf configurado correctamente
2025-07-16 22:19:48.078 [AWT-EventQueue-0] INFO  com.mycompany.ilib.Dashboard - Programa funcionando correctamente
2025-07-16 22:19:50.163 [AWT-EventQueue-0] INFO  com.mycompany.ilib.Dashboard - Usuario hizo clic en Libros
2025-07-16 23:16:40.619 [AWT-EventQueue-0] INFO  com.mycompany.ilib.Dashboard - Tema FlatLaf configurado correctamente
2025-07-16 23:16:41.537 [AWT-EventQueue-0] INFO  com.mycompany.ilib.Dashboard - Programa funcionando correctamente
2025-07-16 23:21:24.158 [AWT-EventQueue-0] INFO  com.mycompany.ilib.Dashboard - Tema FlatLaf configurado correctamente
2025-07-16 23:21:24.473 [AWT-EventQueue-0] INFO  com.mycompany.ilib.Dashboard - Programa funcionando correctamente
2025-07-16 23:21:28.539 [AWT-EventQueue-0] INFO  com.mycompany.ilib.Dashboard - Usuario hizo clic en Usuarios
2025-07-16 23:21:29.268 [AWT-EventQueue-0] INFO  com.mycompany.ilib.Dashboard - Usuario hizo clic en Libros
2025-07-16 23:26:44.447 [AWT-EventQueue-0] INFO  com.mycompany.ilib.Dashboard - Tema FlatLaf configurado correctamente
2025-07-16 23:26:44.944 [AWT-EventQueue-0] INFO  com.mycompany.ilib.Dashboard - Programa funcionando correctamente
2025-07-16 23:26:46.308 [AWT-EventQueue-0] INFO  com.mycompany.ilib.Dashboard - Usuario hizo clic en Préstamos
2025-07-16 23:26:46.755 [AWT-EventQueue-0] INFO  com.mycompany.ilib.Dashboard - Usuario hizo clic en Usuarios
2025-07-16 23:26:47.323 [AWT-EventQueue-0] INFO  com.mycompany.ilib.Dashboard - Usuario hizo clic en Libros
2025-07-16 23:26:51.987 [AWT-EventQueue-0] INFO  com.mycompany.ilib.Dashboard - Usuario hizo clic en Reportes
2025-07-16 23:26:52.627 [AWT-EventQueue-0] INFO  com.mycompany.ilib.Dashboard - Usuario hizo clic en Usuarios
2025-07-16 23:26:52.955 [AWT-EventQueue-0] INFO  com.mycompany.ilib.Dashboard - Usuario hizo clic en Libros
2025-07-16 23:26:53.347 [AWT-EventQueue-0] INFO  com.mycompany.ilib.Dashboard - Usuario hizo clic en Devoluciones
2025-07-16 23:26:53.707 [AWT-EventQueue-0] INFO  com.mycompany.ilib.Dashboard - Usuario hizo clic en Usuarios
2025-07-16 23:26:55.598 [AWT-EventQueue-0] INFO  com.mycompany.ilib.Dashboard - Usuario hizo clic en Libros
2025-07-16 23:29:51.071 [AWT-EventQueue-0] INFO  com.mycompany.ilib.Dashboard - Tema FlatLaf configurado correctamente
2025-07-16 23:29:51.457 [AWT-EventQueue-0] INFO  com.mycompany.ilib.Dashboard - Programa funcionando correctamente
2025-07-16 23:29:56.964 [AWT-EventQueue-0] INFO  com.mycompany.ilib.Dashboard - Usuario hizo clic en Libros
2025-07-16 23:34:25.160 [AWT-EventQueue-0] INFO  com.mycompany.ilib.Dashboard - Tema FlatLaf configurado correctamente
2025-07-16 23:34:25.677 [AWT-EventQueue-0] INFO  com.mycompany.ilib.Dashboard - Programa funcionando correctamente
2025-07-16 23:34:26.725 [AWT-EventQueue-0] INFO  com.mycompany.ilib.Dashboard - Usuario hizo clic en Libros
2025-07-16 23:35:35.820 [AWT-EventQueue-0] INFO  com.mycompany.ilib.Dashboard - Tema FlatLaf configurado correctamente
2025-07-16 23:35:36.125 [AWT-EventQueue-0] INFO  com.mycompany.ilib.Dashboard - Programa funcionando correctamente
2025-07-16 23:35:37.260 [AWT-EventQueue-0] INFO  com.mycompany.ilib.Dashboard - Usuario hizo clic en Reportes
2025-07-16 23:35:37.628 [AWT-EventQueue-0] INFO  com.mycompany.ilib.Dashboard - Usuario hizo clic en Libros
2025-07-16 23:59:59.749 [AWT-EventQueue-0] INFO  com.mycompany.ilib.Dashboard - Tema FlatLaf configurado correctamente
