2025-07-20 20:13:13.238 [AWT-EventQueue-0] INFO  com.mycompany.ilib.Dashboard - Tema FlatLaf configurado correctamente
2025-07-20 20:13:14.181 [AWT-EventQueue-0] INFO  com.mycompany.ilib.Dashboard - Programa funcionando correctamente
2025-07-20 20:13:15.264 [AWT-EventQueue-0] INFO  com.mycompany.ilib.Dashboard - Usuario hizo clic en Préstamos
2025-07-20 20:13:15.835 [AWT-EventQueue-0] INFO  com.mycompany.ilib.Dashboard - Usuario hizo clic en Principal
2025-07-20 20:13:16.398 [AWT-EventQueue-0] INFO  com.mycompany.ilib.Dashboard - Usuario hizo clic en Devoluciones
2025-07-20 20:13:16.813 [AWT-EventQueue-0] INFO  com.mycompany.ilib.Dashboard - Usuario hizo clic en Usuarios
2025-07-20 20:13:17.272 [AWT-EventQueue-0] INFO  com.mycompany.ilib.Dashboard - Usuario hizo clic en Libros
2025-07-20 20:13:32.045 [AWT-EventQueue-0] INFO  com.mycompany.ilib.Dashboard - Usuario hizo clic en Principal
2025-07-20 20:13:32.544 [AWT-EventQueue-0] INFO  com.mycompany.ilib.Dashboard - Usuario hizo clic en Préstamos
2025-07-20 20:13:33.253 [AWT-EventQueue-0] INFO  com.mycompany.ilib.Dashboard - Usuario hizo clic en Devoluciones
2025-07-20 20:13:33.802 [AWT-EventQueue-0] INFO  com.mycompany.ilib.Dashboard - Usuario hizo clic en Devoluciones
2025-07-20 20:13:34.183 [AWT-EventQueue-0] INFO  com.mycompany.ilib.Dashboard - Usuario hizo clic en Usuarios
2025-07-20 20:13:34.799 [AWT-EventQueue-0] INFO  com.mycompany.ilib.Dashboard - Usuario hizo clic en Libros
2025-07-20 20:13:40.851 [AWT-EventQueue-0] INFO  com.mycompany.ilib.Dashboard - Usuario hizo clic en Reportes
2025-07-20 20:13:41.444 [AWT-EventQueue-0] INFO  com.mycompany.ilib.Dashboard - Usuario hizo clic en Libros
2025-07-20 20:13:42.401 [AWT-EventQueue-0] INFO  com.mycompany.ilib.Dashboard - Usuario hizo clic en Usuarios
2025-07-20 20:13:42.725 [AWT-EventQueue-0] INFO  com.mycompany.ilib.Dashboard - Usuario hizo clic en Reportes
2025-07-20 20:13:43.065 [AWT-EventQueue-0] INFO  com.mycompany.ilib.Dashboard - Usuario hizo clic en Reportes
2025-07-20 20:13:47.808 [AWT-EventQueue-0] INFO  com.mycompany.ilib.Dashboard - Usuario hizo clic en Libros
2025-07-20 20:13:48.747 [AWT-EventQueue-0] INFO  com.mycompany.ilib.Dashboard - Usuario hizo clic en Reportes
2025-07-20 20:13:49.997 [AWT-EventQueue-0] INFO  com.mycompany.ilib.Dashboard - Usuario hizo clic en Usuarios
2025-07-20 20:13:50.549 [AWT-EventQueue-0] INFO  com.mycompany.ilib.Dashboard - Usuario hizo clic en Devoluciones
2025-07-20 20:13:51.039 [AWT-EventQueue-0] INFO  com.mycompany.ilib.Dashboard - Usuario hizo clic en Usuarios
2025-07-20 20:13:51.637 [AWT-EventQueue-0] INFO  com.mycompany.ilib.Dashboard - Usuario hizo clic en Reportes
2025-07-20 20:13:52.686 [AWT-EventQueue-0] INFO  com.mycompany.ilib.Dashboard - Usuario hizo clic en Libros
2025-07-20 20:13:53.390 [AWT-EventQueue-0] INFO  com.mycompany.ilib.Dashboard - Usuario hizo clic en Usuarios
2025-07-20 20:13:53.846 [AWT-EventQueue-0] INFO  com.mycompany.ilib.Dashboard - Usuario hizo clic en Devoluciones
2025-07-20 20:13:54.404 [AWT-EventQueue-0] INFO  com.mycompany.ilib.Dashboard - Usuario hizo clic en Préstamos
2025-07-20 20:13:54.789 [AWT-EventQueue-0] INFO  com.mycompany.ilib.Dashboard - Usuario hizo clic en Principal
2025-07-20 20:13:55.621 [AWT-EventQueue-0] INFO  com.mycompany.ilib.Dashboard - Usuario hizo clic en Devoluciones
2025-07-20 20:13:55.913 [AWT-EventQueue-0] INFO  com.mycompany.ilib.Dashboard - Usuario hizo clic en Libros
