2025-07-17 00:00:00.759 [AWT-EventQueue-0] INFO  com.mycompany.ilib.Dashboard - Programa funcionando correctamente
2025-07-17 00:00:02.123 [AWT-EventQueue-0] INFO  com.mycompany.ilib.Dashboard - Usuario hizo clic en Libros
2025-07-17 00:01:23.899 [AWT-EventQueue-0] INFO  com.mycompany.ilib.Dashboard - Usuario hizo clic en Usuarios
2025-07-17 00:01:27.203 [AWT-EventQueue-0] INFO  com.mycompany.ilib.Dashboard - Usuario hizo clic en Libros
2025-07-17 00:39:24.045 [AWT-EventQueue-0] INFO  com.mycompany.ilib.Dashboard - Tema FlatLaf configurado correctamente
2025-07-17 00:39:24.675 [AWT-EventQueue-0] INFO  com.mycompany.ilib.Dashboard - Programa funcionando correctamente
2025-07-17 00:39:29.259 [AWT-EventQueue-0] INFO  com.mycompany.ilib.Dashboard - Usuario hizo clic en Libros
2025-07-17 00:39:30.867 [AWT-EventQueue-0] INFO  com.mycompany.ilib.Dashboard - Usuario hizo clic en Usuarios
2025-07-17 00:40:35.432 [AWT-EventQueue-0] INFO  com.mycompany.ilib.Dashboard - Tema FlatLaf configurado correctamente
2025-07-17 00:40:35.777 [AWT-EventQueue-0] INFO  com.mycompany.ilib.Dashboard - Programa funcionando correctamente
2025-07-17 00:40:36.843 [AWT-EventQueue-0] INFO  com.mycompany.ilib.Dashboard - Usuario hizo clic en Usuarios
2025-07-17 00:43:43.105 [AWT-EventQueue-0] INFO  com.mycompany.ilib.Dashboard - Tema FlatLaf configurado correctamente
2025-07-17 00:43:43.415 [AWT-EventQueue-0] INFO  com.mycompany.ilib.Dashboard - Programa funcionando correctamente
2025-07-17 00:43:45.283 [AWT-EventQueue-0] INFO  com.mycompany.ilib.Dashboard - Usuario hizo clic en Usuarios
2025-07-17 00:44:27.643 [AWT-EventQueue-0] INFO  com.mycompany.ilib.Dashboard - Tema FlatLaf configurado correctamente
2025-07-17 00:44:27.968 [AWT-EventQueue-0] INFO  com.mycompany.ilib.Dashboard - Programa funcionando correctamente
2025-07-17 00:44:29.019 [AWT-EventQueue-0] INFO  com.mycompany.ilib.Dashboard - Usuario hizo clic en Usuarios
2025-07-17 00:45:16.019 [AWT-EventQueue-0] INFO  com.mycompany.ilib.Dashboard - Usuario hizo clic en Reportes
2025-07-17 00:45:16.475 [AWT-EventQueue-0] INFO  com.mycompany.ilib.Dashboard - Usuario hizo clic en Libros
2025-07-17 00:45:17.259 [AWT-EventQueue-0] INFO  com.mycompany.ilib.Dashboard - Usuario hizo clic en Libros
2025-07-17 00:45:17.658 [AWT-EventQueue-0] INFO  com.mycompany.ilib.Dashboard - Usuario hizo clic en Reportes
2025-07-17 00:45:19.419 [AWT-EventQueue-0] INFO  com.mycompany.ilib.Dashboard - Usuario hizo clic en Libros
2025-07-17 00:45:19.979 [AWT-EventQueue-0] INFO  com.mycompany.ilib.Dashboard - Usuario hizo clic en Usuarios
2025-07-17 00:45:22.907 [AWT-EventQueue-0] INFO  com.mycompany.ilib.Dashboard - Usuario hizo clic en Libros
2025-07-17 00:45:23.483 [AWT-EventQueue-0] INFO  com.mycompany.ilib.Dashboard - Usuario hizo clic en Usuarios
2025-07-17 00:45:24.227 [AWT-EventQueue-0] INFO  com.mycompany.ilib.Dashboard - Usuario hizo clic en Reportes
2025-07-17 00:45:24.651 [AWT-EventQueue-0] INFO  com.mycompany.ilib.Dashboard - Usuario hizo clic en Libros
2025-07-17 00:45:26.163 [AWT-EventQueue-0] INFO  com.mycompany.ilib.Dashboard - Usuario hizo clic en Reportes
2025-07-17 00:45:27.075 [AWT-EventQueue-0] INFO  com.mycompany.ilib.Dashboard - Usuario hizo clic en Usuarios
2025-07-17 00:45:27.730 [AWT-EventQueue-0] INFO  com.mycompany.ilib.Dashboard - Usuario hizo clic en Devoluciones
2025-07-17 00:45:28.443 [AWT-EventQueue-0] INFO  com.mycompany.ilib.Dashboard - Usuario hizo clic en Préstamos
2025-07-17 00:45:28.867 [AWT-EventQueue-0] INFO  com.mycompany.ilib.Dashboard - Usuario hizo clic en Principal
2025-07-17 00:45:29.267 [AWT-EventQueue-0] INFO  com.mycompany.ilib.Dashboard - Usuario hizo clic en Devoluciones
2025-07-17 00:45:29.723 [AWT-EventQueue-0] INFO  com.mycompany.ilib.Dashboard - Usuario hizo clic en Usuarios
2025-07-17 01:50:54.508 [AWT-EventQueue-0] INFO  com.mycompany.ilib.Dashboard - Tema FlatLaf configurado correctamente
2025-07-17 01:50:55.169 [AWT-EventQueue-0] INFO  com.mycompany.ilib.Dashboard - Programa funcionando correctamente
2025-07-17 01:50:56.467 [AWT-EventQueue-0] INFO  com.mycompany.ilib.Dashboard - Usuario hizo clic en Libros
2025-07-17 01:56:01.058 [AWT-EventQueue-0] INFO  com.mycompany.ilib.Dashboard - Tema FlatLaf configurado correctamente
2025-07-17 01:56:01.638 [AWT-EventQueue-0] INFO  com.mycompany.ilib.Dashboard - Programa funcionando correctamente
2025-07-17 01:56:10.171 [AWT-EventQueue-0] INFO  com.mycompany.ilib.Dashboard - Usuario hizo clic en Libros
2025-07-17 01:57:17.241 [AWT-EventQueue-0] INFO  com.mycompany.ilib.Dashboard - Tema FlatLaf configurado correctamente
2025-07-17 01:57:17.576 [AWT-EventQueue-0] INFO  com.mycompany.ilib.Dashboard - Programa funcionando correctamente
2025-07-17 01:57:18.683 [AWT-EventQueue-0] INFO  com.mycompany.ilib.Dashboard - Usuario hizo clic en Préstamos
2025-07-17 01:57:19.195 [AWT-EventQueue-0] INFO  com.mycompany.ilib.Dashboard - Usuario hizo clic en Devoluciones
2025-07-17 01:57:20.050 [AWT-EventQueue-0] INFO  com.mycompany.ilib.Dashboard - Usuario hizo clic en Libros
2025-07-17 02:00:07.680 [AWT-EventQueue-0] INFO  com.mycompany.ilib.Dashboard - Tema FlatLaf configurado correctamente
2025-07-17 02:00:08.087 [AWT-EventQueue-0] INFO  com.mycompany.ilib.Dashboard - Programa funcionando correctamente
2025-07-17 02:00:09.642 [AWT-EventQueue-0] INFO  com.mycompany.ilib.Dashboard - Usuario hizo clic en Libros
2025-07-17 02:00:34.354 [AWT-EventQueue-0] INFO  com.mycompany.ilib.Dashboard - Usuario hizo clic en Usuarios
2025-07-17 02:00:34.747 [AWT-EventQueue-0] INFO  com.mycompany.ilib.Dashboard - Usuario hizo clic en Libros
2025-07-17 02:08:04.713 [AWT-EventQueue-0] INFO  com.mycompany.ilib.Dashboard - Tema FlatLaf configurado correctamente
2025-07-17 02:08:05.060 [AWT-EventQueue-0] INFO  com.mycompany.ilib.Dashboard - Programa funcionando correctamente
2025-07-17 02:08:06.170 [AWT-EventQueue-0] INFO  com.mycompany.ilib.Dashboard - Usuario hizo clic en Libros
2025-07-17 02:08:59.767 [AWT-EventQueue-0] INFO  com.mycompany.ilib.Dashboard - Tema FlatLaf configurado correctamente
2025-07-17 02:09:00.082 [AWT-EventQueue-0] INFO  com.mycompany.ilib.Dashboard - Programa funcionando correctamente
2025-07-17 02:09:01.466 [AWT-EventQueue-0] INFO  com.mycompany.ilib.Dashboard - Usuario hizo clic en Libros
2025-07-17 10:42:03.777 [AWT-EventQueue-0] INFO  com.mycompany.ilib.Dashboard - Tema FlatLaf configurado correctamente
2025-07-17 10:42:05.378 [AWT-EventQueue-0] INFO  com.mycompany.ilib.Dashboard - Programa funcionando correctamente
2025-07-17 10:42:22.662 [AWT-EventQueue-0] INFO  com.mycompany.ilib.Dashboard - Usuario hizo clic en Préstamos
2025-07-17 10:42:24.136 [AWT-EventQueue-0] INFO  com.mycompany.ilib.Dashboard - Usuario hizo clic en Devoluciones
2025-07-17 10:42:24.932 [AWT-EventQueue-0] INFO  com.mycompany.ilib.Dashboard - Usuario hizo clic en Usuarios
2025-07-17 10:42:26.114 [AWT-EventQueue-0] INFO  com.mycompany.ilib.Dashboard - Usuario hizo clic en Libros
2025-07-17 10:44:25.617 [AWT-EventQueue-0] INFO  com.mycompany.ilib.Dashboard - Tema FlatLaf configurado correctamente
2025-07-17 10:44:26.147 [AWT-EventQueue-0] INFO  com.mycompany.ilib.Dashboard - Programa funcionando correctamente
2025-07-17 10:44:27.928 [AWT-EventQueue-0] INFO  com.mycompany.ilib.Dashboard - Usuario hizo clic en Libros
2025-07-17 10:44:43.779 [AWT-EventQueue-0] INFO  com.mycompany.ilib.Dashboard - Usuario hizo clic en Usuarios
2025-07-17 10:44:45.218 [AWT-EventQueue-0] INFO  com.mycompany.ilib.Dashboard - Usuario hizo clic en Devoluciones
2025-07-17 10:44:46.385 [AWT-EventQueue-0] INFO  com.mycompany.ilib.Dashboard - Usuario hizo clic en Libros
2025-07-17 10:44:50.027 [AWT-EventQueue-0] INFO  com.mycompany.ilib.Dashboard - Usuario hizo clic en Principal
2025-07-17 10:44:50.699 [AWT-EventQueue-0] INFO  com.mycompany.ilib.Dashboard - Usuario hizo clic en Préstamos
2025-07-17 10:44:51.708 [AWT-EventQueue-0] INFO  com.mycompany.ilib.Dashboard - Usuario hizo clic en Usuarios
2025-07-17 10:44:52.917 [AWT-EventQueue-0] INFO  com.mycompany.ilib.Dashboard - Usuario hizo clic en Libros
2025-07-17 10:46:33.490 [AWT-EventQueue-0] INFO  com.mycompany.ilib.Dashboard - Tema FlatLaf configurado correctamente
2025-07-17 10:46:34.018 [AWT-EventQueue-0] INFO  com.mycompany.ilib.Dashboard - Programa funcionando correctamente
2025-07-17 10:46:35.363 [AWT-EventQueue-0] INFO  com.mycompany.ilib.Dashboard - Usuario hizo clic en Usuarios
2025-07-17 10:46:36.046 [AWT-EventQueue-0] INFO  com.mycompany.ilib.Dashboard - Usuario hizo clic en Reportes
2025-07-17 10:46:36.766 [AWT-EventQueue-0] INFO  com.mycompany.ilib.Dashboard - Usuario hizo clic en Libros
2025-07-17 10:47:13.810 [AWT-EventQueue-0] INFO  com.mycompany.ilib.Dashboard - Usuario hizo clic en Libros
2025-07-17 10:56:53.167 [AWT-EventQueue-0] INFO  com.mycompany.ilib.Dashboard - Tema FlatLaf configurado correctamente
2025-07-17 10:56:53.868 [AWT-EventQueue-0] INFO  com.mycompany.ilib.Dashboard - Programa funcionando correctamente
2025-07-17 10:56:55.398 [AWT-EventQueue-0] INFO  com.mycompany.ilib.Dashboard - Usuario hizo clic en Libros
2025-07-17 10:58:59.726 [AWT-EventQueue-0] INFO  com.mycompany.ilib.Dashboard - Tema FlatLaf configurado correctamente
2025-07-17 10:59:00.225 [AWT-EventQueue-0] INFO  com.mycompany.ilib.Dashboard - Programa funcionando correctamente
2025-07-17 10:59:01.592 [AWT-EventQueue-0] INFO  com.mycompany.ilib.Dashboard - Usuario hizo clic en Libros
2025-07-17 10:59:41.008 [AWT-EventQueue-0] INFO  com.mycompany.ilib.Dashboard - Tema FlatLaf configurado correctamente
2025-07-17 10:59:41.506 [AWT-EventQueue-0] INFO  com.mycompany.ilib.Dashboard - Programa funcionando correctamente
2025-07-17 10:59:42.918 [AWT-EventQueue-0] INFO  com.mycompany.ilib.Dashboard - Usuario hizo clic en Libros
2025-07-17 11:09:45.005 [AWT-EventQueue-0] INFO  com.mycompany.ilib.Dashboard - Usuario hizo clic en Usuarios
2025-07-17 11:09:46.117 [AWT-EventQueue-0] INFO  com.mycompany.ilib.Dashboard - Usuario hizo clic en Libros
2025-07-17 11:11:19.801 [AWT-EventQueue-0] INFO  com.mycompany.ilib.Dashboard - Tema FlatLaf configurado correctamente
2025-07-17 11:11:20.229 [AWT-EventQueue-0] INFO  com.mycompany.ilib.Dashboard - Programa funcionando correctamente
2025-07-17 11:11:25.020 [AWT-EventQueue-0] INFO  com.mycompany.ilib.Dashboard - Usuario hizo clic en Usuarios
2025-07-17 11:11:26.168 [AWT-EventQueue-0] INFO  com.mycompany.ilib.Dashboard - Usuario hizo clic en Libros
2025-07-17 11:16:32.754 [AWT-EventQueue-0] INFO  com.mycompany.ilib.Dashboard - Tema FlatLaf configurado correctamente
2025-07-17 11:16:33.194 [AWT-EventQueue-0] INFO  com.mycompany.ilib.Dashboard - Programa funcionando correctamente
2025-07-17 11:16:34.470 [AWT-EventQueue-0] INFO  com.mycompany.ilib.Dashboard - Usuario hizo clic en Libros
2025-07-17 11:18:02.264 [AWT-EventQueue-0] INFO  com.mycompany.ilib.Dashboard - Tema FlatLaf configurado correctamente
2025-07-17 11:18:02.760 [AWT-EventQueue-0] INFO  com.mycompany.ilib.Dashboard - Programa funcionando correctamente
2025-07-17 11:18:03.973 [AWT-EventQueue-0] INFO  com.mycompany.ilib.Dashboard - Usuario hizo clic en Libros
2025-07-17 11:18:30.258 [AWT-EventQueue-0] INFO  com.mycompany.ilib.Dashboard - Tema FlatLaf configurado correctamente
2025-07-17 11:18:30.743 [AWT-EventQueue-0] INFO  com.mycompany.ilib.Dashboard - Programa funcionando correctamente
2025-07-17 11:18:32.029 [AWT-EventQueue-0] INFO  com.mycompany.ilib.Dashboard - Usuario hizo clic en Libros
2025-07-17 11:19:24.260 [AWT-EventQueue-0] INFO  com.mycompany.ilib.Dashboard - Usuario hizo clic en Reportes
2025-07-17 11:19:25.455 [AWT-EventQueue-0] INFO  com.mycompany.ilib.Dashboard - Usuario hizo clic en Libros
2025-07-17 11:19:27.016 [AWT-EventQueue-0] INFO  com.mycompany.ilib.Dashboard - Usuario hizo clic en Reportes
2025-07-17 11:19:28.479 [AWT-EventQueue-0] INFO  com.mycompany.ilib.Dashboard - Usuario hizo clic en Devoluciones
2025-07-17 11:19:29.530 [AWT-EventQueue-0] INFO  com.mycompany.ilib.Dashboard - Usuario hizo clic en Libros
2025-07-17 11:24:16.138 [AWT-EventQueue-0] INFO  com.mycompany.ilib.Dashboard - Tema FlatLaf configurado correctamente
2025-07-17 11:24:16.620 [AWT-EventQueue-0] INFO  com.mycompany.ilib.Dashboard - Programa funcionando correctamente
2025-07-17 11:24:17.743 [AWT-EventQueue-0] INFO  com.mycompany.ilib.Dashboard - Usuario hizo clic en Libros
2025-07-17 11:28:44.041 [AWT-EventQueue-0] INFO  com.mycompany.ilib.Dashboard - Tema FlatLaf configurado correctamente
2025-07-17 11:28:44.485 [AWT-EventQueue-0] INFO  com.mycompany.ilib.Dashboard - Programa funcionando correctamente
2025-07-17 11:28:46.095 [AWT-EventQueue-0] INFO  com.mycompany.ilib.Dashboard - Usuario hizo clic en Libros
2025-07-17 11:29:29.773 [AWT-EventQueue-0] INFO  com.mycompany.ilib.Dashboard - Tema FlatLaf configurado correctamente
2025-07-17 11:29:30.293 [AWT-EventQueue-0] INFO  com.mycompany.ilib.Dashboard - Programa funcionando correctamente
2025-07-17 11:29:31.702 [AWT-EventQueue-0] INFO  com.mycompany.ilib.Dashboard - Usuario hizo clic en Libros
2025-07-17 11:31:02.761 [AWT-EventQueue-0] INFO  com.mycompany.ilib.Dashboard - Tema FlatLaf configurado correctamente
2025-07-17 11:31:03.283 [AWT-EventQueue-0] INFO  com.mycompany.ilib.Dashboard - Programa funcionando correctamente
2025-07-17 11:31:04.730 [AWT-EventQueue-0] INFO  com.mycompany.ilib.Dashboard - Usuario hizo clic en Libros
2025-07-17 11:33:54.128 [AWT-EventQueue-0] INFO  com.mycompany.ilib.Dashboard - Tema FlatLaf configurado correctamente
2025-07-17 11:33:55.210 [AWT-EventQueue-0] INFO  com.mycompany.ilib.Dashboard - Programa funcionando correctamente
2025-07-17 11:33:56.715 [AWT-EventQueue-0] INFO  com.mycompany.ilib.Dashboard - Usuario hizo clic en Libros
2025-07-17 11:42:17.686 [AWT-EventQueue-0] INFO  com.mycompany.ilib.Dashboard - Tema FlatLaf configurado correctamente
2025-07-17 11:42:18.333 [AWT-EventQueue-0] INFO  com.mycompany.ilib.Dashboard - Programa funcionando correctamente
2025-07-17 11:42:19.546 [AWT-EventQueue-0] INFO  com.mycompany.ilib.Dashboard - Usuario hizo clic en Libros
2025-07-17 11:42:52.205 [AWT-EventQueue-0] INFO  com.mycompany.ilib.Dashboard - Tema FlatLaf configurado correctamente
2025-07-17 11:42:52.645 [AWT-EventQueue-0] INFO  com.mycompany.ilib.Dashboard - Programa funcionando correctamente
2025-07-17 11:42:54.718 [AWT-EventQueue-0] INFO  com.mycompany.ilib.Dashboard - Usuario hizo clic en Libros
2025-07-17 11:46:09.336 [AWT-EventQueue-0] INFO  com.mycompany.ilib.Dashboard - Tema FlatLaf configurado correctamente
2025-07-17 11:46:09.880 [AWT-EventQueue-0] INFO  com.mycompany.ilib.Dashboard - Programa funcionando correctamente
2025-07-17 11:46:11.078 [AWT-EventQueue-0] INFO  com.mycompany.ilib.Dashboard - Usuario hizo clic en Libros
2025-07-17 11:46:13.084 [AWT-EventQueue-0] INFO  com.mycompany.ilib.Dashboard - Usuario hizo clic en Libros
2025-07-17 11:46:15.190 [AWT-EventQueue-0] INFO  com.mycompany.ilib.Dashboard - Usuario hizo clic en Libros
2025-07-17 11:46:15.404 [AWT-EventQueue-0] INFO  com.mycompany.ilib.Dashboard - Usuario hizo clic en Libros
2025-07-17 11:46:15.631 [AWT-EventQueue-0] INFO  com.mycompany.ilib.Dashboard - Usuario hizo clic en Libros
2025-07-17 11:47:16.007 [AWT-EventQueue-0] INFO  com.mycompany.ilib.Dashboard - Tema FlatLaf configurado correctamente
2025-07-17 11:47:16.475 [AWT-EventQueue-0] INFO  com.mycompany.ilib.Dashboard - Programa funcionando correctamente
2025-07-17 11:47:17.883 [AWT-EventQueue-0] INFO  com.mycompany.ilib.Dashboard - Usuario hizo clic en Libros
2025-07-17 11:52:56.056 [AWT-EventQueue-0] INFO  com.mycompany.ilib.Dashboard - Tema FlatLaf configurado correctamente
2025-07-17 11:52:56.492 [AWT-EventQueue-0] INFO  com.mycompany.ilib.Dashboard - Programa funcionando correctamente
2025-07-17 11:52:57.657 [AWT-EventQueue-0] INFO  com.mycompany.ilib.Dashboard - Usuario hizo clic en Libros
2025-07-17 11:54:17.289 [AWT-EventQueue-0] INFO  com.mycompany.ilib.Dashboard - Tema FlatLaf configurado correctamente
2025-07-17 11:54:17.806 [AWT-EventQueue-0] INFO  com.mycompany.ilib.Dashboard - Programa funcionando correctamente
2025-07-17 11:54:19.160 [AWT-EventQueue-0] INFO  com.mycompany.ilib.Dashboard - Usuario hizo clic en Libros
2025-07-17 11:55:36.310 [AWT-EventQueue-0] INFO  com.mycompany.ilib.Dashboard - Tema FlatLaf configurado correctamente
2025-07-17 11:55:36.820 [AWT-EventQueue-0] INFO  com.mycompany.ilib.Dashboard - Programa funcionando correctamente
2025-07-17 11:55:38.372 [AWT-EventQueue-0] INFO  com.mycompany.ilib.Dashboard - Usuario hizo clic en Libros
2025-07-17 12:06:42.699 [AWT-EventQueue-0] INFO  com.mycompany.ilib.Dashboard - Tema FlatLaf configurado correctamente
2025-07-17 12:06:43.204 [AWT-EventQueue-0] INFO  com.mycompany.ilib.Dashboard - Programa funcionando correctamente
2025-07-17 12:06:44.425 [AWT-EventQueue-0] INFO  com.mycompany.ilib.Dashboard - Usuario hizo clic en Libros
2025-07-17 12:07:06.780 [AWT-EventQueue-0] INFO  com.mycompany.ilib.Dashboard - Usuario hizo clic en Libros
2025-07-17 12:13:36.188 [AWT-EventQueue-0] INFO  com.mycompany.ilib.Dashboard - Tema FlatLaf configurado correctamente
2025-07-17 12:13:36.665 [AWT-EventQueue-0] INFO  com.mycompany.ilib.Dashboard - Programa funcionando correctamente
2025-07-17 12:13:39.560 [AWT-EventQueue-0] INFO  com.mycompany.ilib.Dashboard - Usuario hizo clic en Libros
2025-07-17 12:15:28.523 [AWT-EventQueue-0] INFO  com.mycompany.ilib.Dashboard - Tema FlatLaf configurado correctamente
2025-07-17 12:15:28.962 [AWT-EventQueue-0] INFO  com.mycompany.ilib.Dashboard - Programa funcionando correctamente
2025-07-17 12:15:30.369 [AWT-EventQueue-0] INFO  com.mycompany.ilib.Dashboard - Usuario hizo clic en Libros
2025-07-17 12:17:06.839 [AWT-EventQueue-0] INFO  com.mycompany.ilib.Dashboard - Tema FlatLaf configurado correctamente
2025-07-17 12:17:07.308 [AWT-EventQueue-0] INFO  com.mycompany.ilib.Dashboard - Programa funcionando correctamente
2025-07-17 12:17:09.014 [AWT-EventQueue-0] INFO  com.mycompany.ilib.Dashboard - Usuario hizo clic en Libros
2025-07-17 12:17:59.246 [AWT-EventQueue-0] INFO  com.mycompany.ilib.Dashboard - Usuario hizo clic en Libros
2025-07-17 12:17:59.945 [AWT-EventQueue-0] INFO  com.mycompany.ilib.Dashboard - Usuario hizo clic en Usuarios
2025-07-17 12:18:00.772 [AWT-EventQueue-0] INFO  com.mycompany.ilib.Dashboard - Usuario hizo clic en Libros
2025-07-17 12:18:47.091 [AWT-EventQueue-0] INFO  com.mycompany.ilib.Dashboard - Tema FlatLaf configurado correctamente
2025-07-17 12:18:47.606 [AWT-EventQueue-0] INFO  com.mycompany.ilib.Dashboard - Programa funcionando correctamente
2025-07-17 12:18:49.142 [AWT-EventQueue-0] INFO  com.mycompany.ilib.Dashboard - Usuario hizo clic en Libros
2025-07-17 12:19:52.543 [AWT-EventQueue-0] INFO  com.mycompany.ilib.Dashboard - Usuario hizo clic en Libros
2025-07-17 12:40:28.150 [AWT-EventQueue-0] INFO  com.mycompany.ilib.Dashboard - Tema FlatLaf configurado correctamente
2025-07-17 12:40:28.880 [AWT-EventQueue-0] INFO  com.mycompany.ilib.Dashboard - Programa funcionando correctamente
2025-07-17 12:40:30.070 [AWT-EventQueue-0] INFO  com.mycompany.ilib.Dashboard - Usuario hizo clic en Libros
2025-07-17 12:46:58.658 [AWT-EventQueue-0] INFO  com.mycompany.ilib.Dashboard - Tema FlatLaf configurado correctamente
2025-07-17 12:46:59.232 [AWT-EventQueue-0] INFO  com.mycompany.ilib.Dashboard - Programa funcionando correctamente
2025-07-17 12:47:00.487 [AWT-EventQueue-0] INFO  com.mycompany.ilib.Dashboard - Usuario hizo clic en Libros
2025-07-17 12:47:11.222 [AWT-EventQueue-0] INFO  com.mycompany.ilib.Dashboard - Usuario hizo clic en Libros
2025-07-17 12:47:18.609 [AWT-EventQueue-0] INFO  com.mycompany.ilib.Dashboard - Usuario hizo clic en Libros
2025-07-17 12:47:47.508 [AWT-EventQueue-0] INFO  com.mycompany.ilib.Dashboard - Usuario hizo clic en Libros
2025-07-17 12:58:44.930 [AWT-EventQueue-0] INFO  com.mycompany.ilib.Dashboard - Tema FlatLaf configurado correctamente
2025-07-17 12:58:45.363 [AWT-EventQueue-0] INFO  com.mycompany.ilib.Dashboard - Programa funcionando correctamente
2025-07-17 12:58:46.737 [AWT-EventQueue-0] INFO  com.mycompany.ilib.Dashboard - Usuario hizo clic en Libros
2025-07-17 13:02:27.515 [AWT-EventQueue-0] INFO  com.mycompany.ilib.Dashboard - Tema FlatLaf configurado correctamente
2025-07-17 13:02:28.008 [AWT-EventQueue-0] INFO  com.mycompany.ilib.Dashboard - Programa funcionando correctamente
2025-07-17 13:02:31.039 [AWT-EventQueue-0] INFO  com.mycompany.ilib.Dashboard - Usuario hizo clic en Libros
2025-07-17 13:04:10.650 [AWT-EventQueue-0] INFO  com.mycompany.ilib.Dashboard - Tema FlatLaf configurado correctamente
2025-07-17 13:04:11.153 [AWT-EventQueue-0] INFO  com.mycompany.ilib.Dashboard - Programa funcionando correctamente
2025-07-17 13:04:14.492 [AWT-EventQueue-0] INFO  com.mycompany.ilib.Dashboard - Usuario hizo clic en Libros
2025-07-17 13:04:52.582 [AWT-EventQueue-0] DEBUG com.mycompany.ilib.DAOBooksImpl - Intentando registrar libro: asdsad
2025-07-17 13:04:52.582 [AWT-EventQueue-0] INFO  com.mycompany.ilib.DAOBooksImpl - Libro registrado exitosamente: asdsad
2025-07-17 13:05:32.952 [AWT-EventQueue-0] INFO  com.mycompany.ilib.Dashboard - Usuario hizo clic en Libros
2025-07-17 13:13:35.511 [AWT-EventQueue-0] INFO  com.mycompany.ilib.Dashboard - Tema FlatLaf configurado correctamente
2025-07-17 13:13:36.002 [AWT-EventQueue-0] INFO  com.mycompany.ilib.Dashboard - Programa funcionando correctamente
2025-07-17 13:13:38.726 [AWT-EventQueue-0] INFO  com.mycompany.ilib.Dashboard - Usuario hizo clic en Libros
2025-07-17 13:14:24.365 [AWT-EventQueue-0] DEBUG com.mycompany.ilib.DAOBooksImpl - Intentando registrar libro: asd
2025-07-17 13:14:24.370 [AWT-EventQueue-0] INFO  com.mycompany.ilib.DAOBooksImpl - Libro registrado exitosamente: asd
2025-07-17 13:19:18.655 [AWT-EventQueue-0] INFO  com.mycompany.ilib.Dashboard - Tema FlatLaf configurado correctamente
2025-07-17 13:19:19.075 [AWT-EventQueue-0] INFO  com.mycompany.ilib.Dashboard - Programa funcionando correctamente
2025-07-17 13:19:20.336 [AWT-EventQueue-0] INFO  com.mycompany.ilib.Dashboard - Usuario hizo clic en Libros
2025-07-17 19:50:19.361 [AWT-EventQueue-0] INFO  com.mycompany.ilib.Dashboard - Tema FlatLaf configurado correctamente
2025-07-17 19:50:20.479 [AWT-EventQueue-0] INFO  com.mycompany.ilib.Dashboard - Programa funcionando correctamente
2025-07-17 19:50:22.932 [AWT-EventQueue-0] INFO  com.mycompany.ilib.Dashboard - Usuario hizo clic en Libros
2025-07-17 19:51:28.463 [AWT-EventQueue-0] INFO  com.mycompany.ilib.Dashboard - Tema FlatLaf configurado correctamente
2025-07-17 19:51:28.869 [AWT-EventQueue-0] INFO  com.mycompany.ilib.Dashboard - Programa funcionando correctamente
2025-07-17 19:51:29.828 [AWT-EventQueue-0] INFO  com.mycompany.ilib.Dashboard - Usuario hizo clic en Libros
2025-07-17 19:53:11.467 [AWT-EventQueue-0] INFO  com.mycompany.ilib.Dashboard - Usuario hizo clic en Libros
2025-07-17 20:08:24.562 [AWT-EventQueue-0] INFO  com.mycompany.ilib.Dashboard - Tema FlatLaf configurado correctamente
2025-07-17 20:08:25.267 [AWT-EventQueue-0] INFO  com.mycompany.ilib.Dashboard - Programa funcionando correctamente
2025-07-17 20:08:26.148 [AWT-EventQueue-0] INFO  com.mycompany.ilib.Dashboard - Usuario hizo clic en Libros
2025-07-17 20:08:55.620 [AWT-EventQueue-0] INFO  com.mycompany.ilib.Dashboard - Usuario hizo clic en Libros
2025-07-17 20:08:56.885 [AWT-EventQueue-0] INFO  com.mycompany.ilib.Dashboard - Usuario hizo clic en Usuarios
2025-07-17 20:08:57.437 [AWT-EventQueue-0] INFO  com.mycompany.ilib.Dashboard - Usuario hizo clic en Libros
2025-07-17 20:10:32.110 [AWT-EventQueue-0] INFO  com.mycompany.ilib.Dashboard - Tema FlatLaf configurado correctamente
2025-07-17 20:10:32.677 [AWT-EventQueue-0] INFO  com.mycompany.ilib.Dashboard - Programa funcionando correctamente
2025-07-17 20:10:33.941 [AWT-EventQueue-0] INFO  com.mycompany.ilib.Dashboard - Usuario hizo clic en Libros
2025-07-17 20:17:35.279 [AWT-EventQueue-0] INFO  com.mycompany.ilib.Dashboard - Tema FlatLaf configurado correctamente
2025-07-17 20:17:35.571 [AWT-EventQueue-0] INFO  com.mycompany.ilib.Dashboard - Programa funcionando correctamente
2025-07-17 20:17:37.140 [AWT-EventQueue-0] INFO  com.mycompany.ilib.Dashboard - Usuario hizo clic en Reportes
2025-07-17 20:17:37.468 [AWT-EventQueue-0] INFO  com.mycompany.ilib.Dashboard - Usuario hizo clic en Libros
2025-07-17 20:20:52.599 [AWT-EventQueue-0] INFO  com.mycompany.ilib.Dashboard - Tema FlatLaf configurado correctamente
2025-07-17 20:20:52.962 [AWT-EventQueue-0] INFO  com.mycompany.ilib.Dashboard - Programa funcionando correctamente
2025-07-17 20:20:53.941 [AWT-EventQueue-0] INFO  com.mycompany.ilib.Dashboard - Usuario hizo clic en Libros
2025-07-17 20:23:02.913 [AWT-EventQueue-0] INFO  com.mycompany.ilib.Dashboard - Tema FlatLaf configurado correctamente
2025-07-17 20:23:03.219 [AWT-EventQueue-0] INFO  com.mycompany.ilib.Dashboard - Programa funcionando correctamente
2025-07-17 20:23:04.660 [AWT-EventQueue-0] INFO  com.mycompany.ilib.Dashboard - Usuario hizo clic en Libros
2025-07-17 20:25:32.504 [AWT-EventQueue-0] INFO  com.mycompany.ilib.Dashboard - Tema FlatLaf configurado correctamente
2025-07-17 20:25:32.832 [AWT-EventQueue-0] INFO  com.mycompany.ilib.Dashboard - Programa funcionando correctamente
2025-07-17 20:25:33.804 [AWT-EventQueue-0] INFO  com.mycompany.ilib.Dashboard - Usuario hizo clic en Libros
2025-07-17 20:32:53.507 [AWT-EventQueue-0] INFO  com.mycompany.ilib.Dashboard - Tema FlatLaf configurado correctamente
2025-07-17 20:32:54.083 [AWT-EventQueue-0] INFO  com.mycompany.ilib.Dashboard - Programa funcionando correctamente
2025-07-17 20:32:59.701 [AWT-EventQueue-0] INFO  com.mycompany.ilib.Dashboard - Usuario hizo clic en Libros
2025-07-17 20:35:13.055 [AWT-EventQueue-0] INFO  com.mycompany.ilib.Dashboard - Tema FlatLaf configurado correctamente
2025-07-17 20:35:13.392 [AWT-EventQueue-0] INFO  com.mycompany.ilib.Dashboard - Programa funcionando correctamente
2025-07-17 20:35:14.508 [AWT-EventQueue-0] INFO  com.mycompany.ilib.Dashboard - Usuario hizo clic en Usuarios
2025-07-17 20:35:15.668 [AWT-EventQueue-0] INFO  com.mycompany.ilib.Dashboard - Usuario hizo clic en Préstamos
2025-07-17 20:35:16.965 [AWT-EventQueue-0] INFO  com.mycompany.ilib.Dashboard - Usuario hizo clic en Libros
2025-07-17 21:18:58.441 [AWT-EventQueue-0] INFO  com.mycompany.ilib.Dashboard - Tema FlatLaf configurado correctamente
2025-07-17 21:18:59.116 [AWT-EventQueue-0] INFO  com.mycompany.ilib.Dashboard - Programa funcionando correctamente
2025-07-17 21:19:00.414 [AWT-EventQueue-0] INFO  com.mycompany.ilib.Dashboard - Usuario hizo clic en Libros
2025-07-17 21:19:49.281 [AWT-EventQueue-0] DEBUG com.mycompany.ilib.DAOBooksImpl - Intentando registrar libro: adsa
2025-07-17 21:19:49.283 [AWT-EventQueue-0] INFO  com.mycompany.ilib.DAOBooksImpl - Libro registrado exitosamente: adsa
2025-07-17 21:35:08.048 [AWT-EventQueue-0] INFO  com.mycompany.ilib.Dashboard - Tema FlatLaf configurado correctamente
2025-07-17 21:35:08.536 [AWT-EventQueue-0] INFO  com.mycompany.ilib.Dashboard - Programa funcionando correctamente
2025-07-17 21:35:10.775 [AWT-EventQueue-0] INFO  com.mycompany.ilib.Dashboard - Usuario hizo clic en Préstamos
2025-07-17 21:35:11.375 [AWT-EventQueue-0] INFO  com.mycompany.ilib.Dashboard - Usuario hizo clic en Devoluciones
2025-07-17 21:35:11.927 [AWT-EventQueue-0] INFO  com.mycompany.ilib.Dashboard - Usuario hizo clic en Usuarios
2025-07-17 21:35:13.359 [AWT-EventQueue-0] INFO  com.mycompany.ilib.Dashboard - Usuario hizo clic en Libros
2025-07-17 21:35:26.863 [AWT-EventQueue-0] INFO  com.mycompany.ilib.Dashboard - Usuario hizo clic en Libros
2025-07-17 21:35:31.119 [AWT-EventQueue-0] INFO  com.mycompany.ilib.Dashboard - Usuario hizo clic en Usuarios
2025-07-17 21:35:32.614 [AWT-EventQueue-0] INFO  com.mycompany.ilib.Dashboard - Usuario hizo clic en Libros
2025-07-17 21:36:04.378 [AWT-EventQueue-0] DEBUG com.mycompany.ilib.DAOBooksImpl - Intentando registrar libro: sda
2025-07-17 21:36:04.380 [AWT-EventQueue-0] INFO  com.mycompany.ilib.DAOBooksImpl - Libro registrado exitosamente: sda
2025-07-17 21:36:30.302 [AWT-EventQueue-0] INFO  com.mycompany.ilib.Dashboard - Usuario hizo clic en Libros
2025-07-17 21:38:46.886 [AWT-EventQueue-0] INFO  com.mycompany.ilib.Dashboard - Usuario hizo clic en Libros
2025-07-17 21:44:08.620 [AWT-EventQueue-0] INFO  com.mycompany.ilib.Dashboard - Tema FlatLaf configurado correctamente
2025-07-17 21:44:09.123 [AWT-EventQueue-0] INFO  com.mycompany.ilib.Dashboard - Programa funcionando correctamente
2025-07-17 21:44:10.271 [AWT-EventQueue-0] INFO  com.mycompany.ilib.Dashboard - Usuario hizo clic en Libros
2025-07-17 21:56:42.579 [AWT-EventQueue-0] INFO  com.mycompany.ilib.Dashboard - Tema FlatLaf configurado correctamente
2025-07-17 21:56:42.925 [AWT-EventQueue-0] INFO  com.mycompany.ilib.Dashboard - Programa funcionando correctamente
2025-07-17 21:56:43.991 [AWT-EventQueue-0] INFO  com.mycompany.ilib.Dashboard - Usuario hizo clic en Reportes
2025-07-17 21:56:44.455 [AWT-EventQueue-0] INFO  com.mycompany.ilib.Dashboard - Usuario hizo clic en Libros
2025-07-17 21:58:35.257 [AWT-EventQueue-0] INFO  com.mycompany.ilib.Dashboard - Tema FlatLaf configurado correctamente
2025-07-17 21:58:35.581 [AWT-EventQueue-0] INFO  com.mycompany.ilib.Dashboard - Programa funcionando correctamente
2025-07-17 21:58:37.039 [AWT-EventQueue-0] INFO  com.mycompany.ilib.Dashboard - Usuario hizo clic en Libros
2025-07-17 21:59:02.923 [AWT-EventQueue-0] DEBUG com.mycompany.ilib.DAOBooksImpl - Intentando registrar libro: sadsa
2025-07-17 21:59:02.927 [AWT-EventQueue-0] INFO  com.mycompany.ilib.DAOBooksImpl - Libro registrado exitosamente: sadsa
2025-07-17 22:05:38.434 [AWT-EventQueue-0] INFO  com.mycompany.ilib.Dashboard - Tema FlatLaf configurado correctamente
2025-07-17 22:05:38.929 [AWT-EventQueue-0] INFO  com.mycompany.ilib.Dashboard - Programa funcionando correctamente
2025-07-17 22:05:40.815 [AWT-EventQueue-0] INFO  com.mycompany.ilib.Dashboard - Usuario hizo clic en Libros
2025-07-17 22:13:43.737 [AWT-EventQueue-0] INFO  com.mycompany.ilib.Dashboard - Tema FlatLaf configurado correctamente
2025-07-17 22:13:44.334 [AWT-EventQueue-0] INFO  com.mycompany.ilib.Dashboard - Programa funcionando correctamente
2025-07-17 22:13:45.456 [AWT-EventQueue-0] INFO  com.mycompany.ilib.Dashboard - Usuario hizo clic en Libros
2025-07-17 22:22:14.574 [AWT-EventQueue-0] INFO  com.mycompany.ilib.Dashboard - Tema FlatLaf configurado correctamente
2025-07-17 22:22:15.163 [AWT-EventQueue-0] INFO  com.mycompany.ilib.Dashboard - Programa funcionando correctamente
2025-07-17 22:22:16.247 [AWT-EventQueue-0] INFO  com.mycompany.ilib.Dashboard - Usuario hizo clic en Libros
2025-07-17 22:51:47.701 [AWT-EventQueue-0] INFO  com.mycompany.ilib.Dashboard - Tema FlatLaf configurado correctamente
2025-07-17 22:51:48.337 [AWT-EventQueue-0] INFO  com.mycompany.ilib.Dashboard - Programa funcionando correctamente
2025-07-17 22:51:49.664 [AWT-EventQueue-0] INFO  com.mycompany.ilib.Dashboard - Usuario hizo clic en Libros
2025-07-17 22:52:42.649 [AWT-EventQueue-0] INFO  com.mycompany.ilib.Dashboard - Usuario hizo clic en Libros
2025-07-17 22:58:30.195 [AWT-EventQueue-0] INFO  com.mycompany.ilib.Dashboard - Tema FlatLaf configurado correctamente
2025-07-17 22:58:30.603 [AWT-EventQueue-0] INFO  com.mycompany.ilib.Dashboard - Programa funcionando correctamente
2025-07-17 22:58:35.201 [AWT-EventQueue-0] INFO  com.mycompany.ilib.Dashboard - Usuario hizo clic en Principal
2025-07-17 22:58:35.601 [AWT-EventQueue-0] INFO  com.mycompany.ilib.Dashboard - Usuario hizo clic en Préstamos
2025-07-17 22:58:36.512 [AWT-EventQueue-0] INFO  com.mycompany.ilib.Dashboard - Usuario hizo clic en Devoluciones
2025-07-17 22:58:36.984 [AWT-EventQueue-0] INFO  com.mycompany.ilib.Dashboard - Usuario hizo clic en Usuarios
2025-07-17 22:58:56.977 [AWT-EventQueue-0] INFO  com.mycompany.ilib.Dashboard - Usuario hizo clic en Libros
2025-07-17 23:00:14.737 [AWT-EventQueue-0] INFO  com.mycompany.ilib.Dashboard - Usuario hizo clic en Libros
2025-07-17 23:05:57.588 [AWT-EventQueue-0] INFO  com.mycompany.ilib.Dashboard - Tema FlatLaf configurado correctamente
2025-07-17 23:05:57.955 [AWT-EventQueue-0] INFO  com.mycompany.ilib.Dashboard - Programa funcionando correctamente
2025-07-17 23:05:59.009 [AWT-EventQueue-0] INFO  com.mycompany.ilib.Dashboard - Usuario hizo clic en Libros
2025-07-17 23:06:07.145 [AWT-EventQueue-0] INFO  com.mycompany.ilib.Dashboard - Usuario hizo clic en Libros
2025-07-17 23:06:14.216 [AWT-EventQueue-0] INFO  com.mycompany.ilib.Dashboard - Usuario hizo clic en Libros
2025-07-17 23:08:57.836 [AWT-EventQueue-0] INFO  com.mycompany.ilib.Dashboard - Tema FlatLaf configurado correctamente
2025-07-17 23:08:58.207 [AWT-EventQueue-0] INFO  com.mycompany.ilib.Dashboard - Programa funcionando correctamente
2025-07-17 23:08:59.361 [AWT-EventQueue-0] INFO  com.mycompany.ilib.Dashboard - Usuario hizo clic en Libros
